{"level":"info","message":"Connected to mongodb://localhost:27017/vidly2..."}
{"level":"info","message":"Listening on port 3000..."}
{"level":"info","message":"Connected to mongodb://localhost:27017/vidly2..."}
{"level":"info","message":"Connected to mongodb://localhost:27017/vidly2..."}
{"level":"info","message":"Connected to mongodb://localhost:27017/vidly2..."}
{"level":"info","message":"Listening on port 3000..."}
{"level":"info","message":"Connected to mongodb://localhost:27017/vidly2..."}
{"level":"info","message":"Listening on port 3002..."}
{"level":"info","message":"Connected to mongodb://localhost:27017/vidly2..."}
{"level":"info","message":"Connected to mongodb://localhost:27017/vidly2..."}
{"level":"info","message":"Connected to mongodb://localhost:27017/vidly2..."}
{"level":"info","message":"Listening on port 3002..."}
{"level":"info","message":"Connected to mongodb://localhost:27017/vidly2..."}
{"level":"info","message":"Listening on port 3002..."}
{"level":"info","message":"Connected to mongodb://localhost:27017/vidly2..."}
{"level":"info","message":"Listening on port 3002..."}
{"level":"info","message":"Connected to mongodb://localhost:27017/vidly2..."}
{"level":"info","message":"Listening on port 3002..."}
{"level":"info","message":"Connected to mongodb://localhost:27017/vidly2..."}
{"level":"info","message":"Listening on port 3002..."}
{"level":"info","message":"Connected to mongodb://localhost:27017/vidly2..."}
{"level":"info","message":"Listening on port 3002..."}
{"level":"info","message":"Connected to mongodb://localhost:27017/vidly2..."}
{"level":"info","message":"Listening on port 3002..."}
{"level":"info","message":"Connected to mongodb://localhost:27017/vidly2..."}
{"level":"info","message":"Listening on port 3002..."}
{"level":"info","message":"Connected to mongodb://localhost:27017/vidly2..."}
{"level":"info","message":"Listening on port 3002..."}
{"level":"info","message":"Connected to mongodb://localhost:27017/vidly2..."}
{"level":"info","message":"Listening on port 3002..."}
{"level":"info","message":"Connected to mongodb://localhost:27017/vidly..."}
{"level":"info","message":"Listening on port 3002..."}
{"level":"info","message":"Connected to mongodb://localhost:27017/vidly..."}
{"level":"info","message":"Listening on port 3002..."}
{"level":"info","message":"Connected to mongodb://localhost:27017/vidly..."}
{"level":"info","message":"Listening on port 3002..."}
{"level":"info","message":"Connected to mongodb://localhost:27017/vidly..."}
{"level":"info","message":"Listening on port 3002..."}
{"level":"info","message":"Connected to mongodb://localhost:27017/vidly..."}
{"level":"info","message":"Listening on port 3002..."}
{"level":"info","message":"Connected to mongodb://localhost:27017/vidly..."}
{"level":"info","message":"Listening on port 3002..."}
{"level":"info","message":"Connected to mongodb://localhost:27017/vidly..."}
{"level":"info","message":"Listening on port 3002..."}
{"level":"info","message":"Connected to mongodb://localhost:27017/vidly..."}
{"level":"info","message":"Listening on port 3002..."}
{"level":"info","message":"Connected to mongodb://localhost:27017/vidly..."}
{"level":"info","message":"Listening on port 3002..."}
{"level":"info","message":"Connected to mongodb://localhost:27017/vidly2..."}
{"body":"{\"name\": \"Loic jr\",\r\n    \"email\": \"loicjr@gmail.com\",\r\n    \"password\": \"12345\"\r\n    \"isAdmin\": \"true\"\r\n  }","expose":true,"level":"error","message":"Unexpected string in JSON at position 84 Unexpected string in JSON at position 84","stack":"SyntaxError: Unexpected string in JSON at position 84\n    at JSON.parse (<anonymous>)\n    at parse (C:\\Users\\Kouede Loic\\OneDrive\\Documents\\React Projects\\vidly-app-back-end-master\\node_modules\\body-parser\\lib\\types\\json.js:89:19)\n    at C:\\Users\\Kouede Loic\\OneDrive\\Documents\\React Projects\\vidly-app-back-end-master\\node_modules\\body-parser\\lib\\read.js:121:18\n    at invokeCallback (C:\\Users\\Kouede Loic\\OneDrive\\Documents\\React Projects\\vidly-app-back-end-master\\node_modules\\raw-body\\index.js:224:16)\n    at done (C:\\Users\\Kouede Loic\\OneDrive\\Documents\\React Projects\\vidly-app-back-end-master\\node_modules\\raw-body\\index.js:213:7)\n    at IncomingMessage.onEnd (C:\\Users\\Kouede Loic\\OneDrive\\Documents\\React Projects\\vidly-app-back-end-master\\node_modules\\raw-body\\index.js:273:7)\n    at IncomingMessage.emit (node:events:538:35)\n    at endReadableNT (node:internal/streams/readable:1345:12)\n    at processTicksAndRejections (node:internal/process/task_queues:83:21)","status":400,"statusCode":400,"type":"entity.parse.failed"}
{"level":"info","message":"Listening on port 3002..."}
{"level":"info","message":"Connected to mongodb://localhost:27017/vidly2..."}
{"level":"info","message":"Listening on port 3002..."}
{"level":"info","message":"Connected to mongodb://localhost:27017/vidly2..."}
{"level":"info","message":"Listening on port 3002..."}
{"level":"info","message":"Connected to mongodb://localhost:27017/vidly2..."}
{"level":"info","message":"Listening on port 3002..."}
{"level":"info","message":"Connected to mongodb://localhost:27017/vidly2..."}
{"level":"info","message":"Connected to mongodb://localhost:27017/vidly2..."}
{"level":"info","message":"Connected to mongodb://localhost:27017/vidly2..."}
{"level":"info","message":"Connected to mongodb://localhost:27017/vidly2..."}
{"level":"info","message":"Listening on port 3002..."}
{"level":"info","message":"Connected to mongodb://localhost:27017/vidly2..."}
{"level":"info","message":"Listening on port 3002..."}
{"level":"info","message":"Connected to mongodb://localhost:27017/vidly2..."}
{"level":"info","message":"Connected to mongodb://localhost:27017/vidly2..."}
{"level":"info","message":"Connected to mongodb://localhost:27017/vidly2..."}
{"level":"info","message":"Listening on port 3002..."}
{"level":"info","message":"Connected to mongodb://localhost:27017/vidly2..."}
{"level":"info","message":"Connected to mongodb://localhost:27017/vidly2..."}
{"level":"info","message":"Listening on port 3002..."}
{"level":"info","message":"Connected to mongodb://localhost:27017/vidly2..."}
{"level":"info","message":"Listening on port 3002..."}
{"level":"info","message":"Connected to mongodb://localhost:27017/vidly2..."}
{"level":"info","message":"Listening on port 3002..."}
{"level":"info","message":"Connected to mongodb://localhost:27017/vidly2..."}
{"level":"info","message":"Listening on port 3002..."}
{"level":"info","message":"Connected to mongodb://localhost:27017/vidly2..."}
{"level":"info","message":"Listening on port 3002..."}
{"level":"info","message":"Connected to mongodb://localhost:27017/vidly2..."}
{"level":"info","message":"Listening on port 3002..."}
{"level":"info","message":"Connected to mongodb://localhost:27017/vidly2..."}
{"level":"info","message":"Listening on port 3002..."}
{"level":"info","message":"Connected to mongodb://localhost:27017/vidly2..."}
{"level":"info","message":"Connected to mongodb://localhost:27017/vidly2..."}
{"level":"info","message":"Listening on port 3002..."}
{"level":"info","message":"Connected to mongodb://localhost:27017/vidly2..."}
{"level":"info","message":"Listening on port 3002..."}
{"level":"info","message":"Connected to mongodb://localhost:27017/vidly2..."}
{"level":"info","message":"Listening on port 3002..."}
{"level":"info","message":"Connected to mongodb://localhost:27017/vidly2..."}
{"level":"info","message":"Listening on port 3002..."}
{"level":"info","message":"Connected to mongodb://localhost:27017/vidly2..."}
{"level":"info","message":"Listening on port 3002..."}
{"level":"info","message":"Connected to mongodb://localhost:27017/vidly2..."}
{"level":"info","message":"Connected to mongodb://localhost:27017/vidly2..."}
{"level":"info","message":"Connected to mongodb://localhost:27017/vidly2..."}
{"level":"info","message":"Listening on port 3002..."}
{"level":"info","message":"Connected to mongodb://localhost:27017/vidly2..."}
{"level":"info","message":"Connected to mongodb://localhost:27017/vidly2..."}
{"level":"info","message":"Connected to mongodb://localhost:27017/vidly2..."}
{"level":"info","message":"Listening on port 3002..."}
{"level":"info","message":"Connected to mongodb://localhost:27017/vidly2..."}
{"level":"info","message":"Listening on port 3002..."}
{"level":"info","message":"Connected to mongodb://localhost:27017/vidly2..."}
{"level":"info","message":"Listening on port 3002..."}
{"level":"info","message":"Connected to mongodb://localhost:27017/vidly2..."}
{"level":"info","message":"Listening on port 3002..."}
{"level":"info","message":"Connected to mongodb://localhost:27017/vidly2..."}
{"level":"info","message":"Listening on port 3002..."}
{"level":"info","message":"Connected to mongodb://localhost:27017/vidly2..."}
{"level":"info","message":"Listening on port 3002..."}
{"level":"info","message":"Connected to mongodb://localhost:27017/vidly2..."}
{"level":"info","message":"Connected to mongodb://localhost:27017/vidly2..."}
{"level":"info","message":"Listening on port 3002..."}
{"level":"info","message":"Connected to mongodb://localhost:27017/vidly2..."}
{"level":"info","message":"Connected to mongodb://localhost:27017/vidly2..."}
{"level":"info","message":"Listening on port 3002..."}
{"level":"info","message":"Connected to mongodb://localhost:27017/vidly2..."}
{"level":"info","message":"Listening on port 3002..."}
{"level":"info","message":"Connected to mongodb://localhost:27017/vidly2..."}
{"level":"info","message":"Listening on port 3002..."}
{"level":"info","message":"Connected to mongodb://localhost:27017/vidly2..."}
{"level":"info","message":"Listening on port 3002..."}
{"level":"info","message":"Connected to mongodb://localhost:27017/vidly2..."}
{"level":"info","message":"Connected to mongodb://localhost:27017/vidly2..."}
{"level":"info","message":"Listening on port 3002..."}
{"level":"info","message":"Connected to mongodb://localhost:27017/vidly2..."}
{"level":"info","message":"Listening on port 3002..."}
{"level":"info","message":"Connected to mongodb://localhost:27017/vidly2..."}
{"level":"info","message":"Listening on port 3002..."}
{"level":"info","message":"Connected to mongodb://localhost:27017/vidly2..."}
{"level":"info","message":"Listening on port 3002..."}
{"level":"info","message":"Connected to mongodb://localhost:27017/vidly2..."}
{"level":"info","message":"Listening on port 3002..."}
{"level":"info","message":"Connected to mongodb://localhost:27017/vidly2..."}
{"level":"info","message":"Listening on port 3002..."}
{"level":"info","message":"Connected to mongodb://localhost:27017/vidly2..."}
{"level":"info","message":"Listening on port 3002..."}
{"level":"info","message":"Connected to mongodb://localhost:27017/vidly2..."}
{"level":"info","message":"Listening on port 3002..."}
{"level":"info","message":"Connected to mongodb://localhost:27017/vidly2..."}
{"level":"info","message":"Listening on port 3002..."}
{"level":"info","message":"Connected to mongodb://localhost:27017/vidly2..."}
{"level":"info","message":"Listening on port 3002..."}
{"level":"info","message":"Connected to mongodb://localhost:27017/vidly2..."}
{"level":"info","message":"Listening on port 3002..."}
{"level":"info","message":"Connected to mongodb://localhost:27017/vidly2..."}
{"level":"info","message":"Listening on port 3002..."}
{"level":"info","message":"Connected to mongodb://localhost:27017/vidly2..."}
{"level":"info","message":"Listening on port 3002..."}
{"level":"info","message":"Connected to mongodb://localhost:27017/vidly2..."}
{"level":"info","message":"Listening on port 3002..."}
{"level":"info","message":"Connected to mongodb://localhost:27017/vidly2..."}
{"level":"info","message":"Connected to mongodb://localhost:27017/vidly2..."}
{"level":"info","message":"Connected to mongodb://localhost:27017/vidly2..."}
{"level":"info","message":"Listening on port 3002..."}
{"level":"info","message":"Connected to mongodb://localhost:27017/vidly2..."}
{"level":"info","message":"Listening on port 3002..."}
{"level":"info","message":"Connected to mongodb://localhost:27017/vidly2..."}
{"level":"error","message":"config is not defined config is not defined","stack":"ReferenceError: config is not defined\n    at module.exports (C:\\Users\\Kouede Loic\\OneDrive\\Documents\\React Projects\\vidly-app-back-end-master\\middleware\\admin.js:2:3)\n    at newFn (C:\\Users\\Kouede Loic\\OneDrive\\Documents\\React Projects\\vidly-app-back-end-master\\node_modules\\express-async-errors\\index.js:16:20)\n    at Layer.handle [as handle_request] (C:\\Users\\Kouede Loic\\OneDrive\\Documents\\React Projects\\vidly-app-back-end-master\\node_modules\\express\\lib\\router\\layer.js:95:5)\n    at next (C:\\Users\\Kouede Loic\\OneDrive\\Documents\\React Projects\\vidly-app-back-end-master\\node_modules\\express\\lib\\router\\route.js:137:13)\n    at auth (C:\\Users\\Kouede Loic\\OneDrive\\Documents\\React Projects\\vidly-app-back-end-master\\middleware\\auth.js:15:5)\n    at newFn (C:\\Users\\Kouede Loic\\OneDrive\\Documents\\React Projects\\vidly-app-back-end-master\\node_modules\\express-async-errors\\index.js:16:20)\n    at Layer.handle [as handle_request] (C:\\Users\\Kouede Loic\\OneDrive\\Documents\\React Projects\\vidly-app-back-end-master\\node_modules\\express\\lib\\router\\layer.js:95:5)\n    at next (C:\\Users\\Kouede Loic\\OneDrive\\Documents\\React Projects\\vidly-app-back-end-master\\node_modules\\express\\lib\\router\\route.js:137:13)\n    at Route.dispatch (C:\\Users\\Kouede Loic\\OneDrive\\Documents\\React Projects\\vidly-app-back-end-master\\node_modules\\express\\lib\\router\\route.js:112:3)\n    at newFn (C:\\Users\\Kouede Loic\\OneDrive\\Documents\\React Projects\\vidly-app-back-end-master\\node_modules\\express-async-errors\\index.js:16:20)\n    at Layer.handle [as handle_request] (C:\\Users\\Kouede Loic\\OneDrive\\Documents\\React Projects\\vidly-app-back-end-master\\node_modules\\express\\lib\\router\\layer.js:95:5)\n    at C:\\Users\\Kouede Loic\\OneDrive\\Documents\\React Projects\\vidly-app-back-end-master\\node_modules\\express\\lib\\router\\index.js:281:22\n    at param (C:\\Users\\Kouede Loic\\OneDrive\\Documents\\React Projects\\vidly-app-back-end-master\\node_modules\\express\\lib\\router\\index.js:360:14)\n    at param (C:\\Users\\Kouede Loic\\OneDrive\\Documents\\React Projects\\vidly-app-back-end-master\\node_modules\\express\\lib\\router\\index.js:371:14)\n    at Function.process_params (C:\\Users\\Kouede Loic\\OneDrive\\Documents\\React Projects\\vidly-app-back-end-master\\node_modules\\express\\lib\\router\\index.js:416:3)\n    at next (C:\\Users\\Kouede Loic\\OneDrive\\Documents\\React Projects\\vidly-app-back-end-master\\node_modules\\express\\lib\\router\\index.js:275:10)"}
{"level":"error","message":"config is not defined config is not defined","stack":"ReferenceError: config is not defined\n    at module.exports (C:\\Users\\Kouede Loic\\OneDrive\\Documents\\React Projects\\vidly-app-back-end-master\\middleware\\admin.js:2:3)\n    at newFn (C:\\Users\\Kouede Loic\\OneDrive\\Documents\\React Projects\\vidly-app-back-end-master\\node_modules\\express-async-errors\\index.js:16:20)\n    at Layer.handle [as handle_request] (C:\\Users\\Kouede Loic\\OneDrive\\Documents\\React Projects\\vidly-app-back-end-master\\node_modules\\express\\lib\\router\\layer.js:95:5)\n    at next (C:\\Users\\Kouede Loic\\OneDrive\\Documents\\React Projects\\vidly-app-back-end-master\\node_modules\\express\\lib\\router\\route.js:137:13)\n    at auth (C:\\Users\\Kouede Loic\\OneDrive\\Documents\\React Projects\\vidly-app-back-end-master\\middleware\\auth.js:15:5)\n    at newFn (C:\\Users\\Kouede Loic\\OneDrive\\Documents\\React Projects\\vidly-app-back-end-master\\node_modules\\express-async-errors\\index.js:16:20)\n    at Layer.handle [as handle_request] (C:\\Users\\Kouede Loic\\OneDrive\\Documents\\React Projects\\vidly-app-back-end-master\\node_modules\\express\\lib\\router\\layer.js:95:5)\n    at next (C:\\Users\\Kouede Loic\\OneDrive\\Documents\\React Projects\\vidly-app-back-end-master\\node_modules\\express\\lib\\router\\route.js:137:13)\n    at Route.dispatch (C:\\Users\\Kouede Loic\\OneDrive\\Documents\\React Projects\\vidly-app-back-end-master\\node_modules\\express\\lib\\router\\route.js:112:3)\n    at newFn (C:\\Users\\Kouede Loic\\OneDrive\\Documents\\React Projects\\vidly-app-back-end-master\\node_modules\\express-async-errors\\index.js:16:20)\n    at Layer.handle [as handle_request] (C:\\Users\\Kouede Loic\\OneDrive\\Documents\\React Projects\\vidly-app-back-end-master\\node_modules\\express\\lib\\router\\layer.js:95:5)\n    at C:\\Users\\Kouede Loic\\OneDrive\\Documents\\React Projects\\vidly-app-back-end-master\\node_modules\\express\\lib\\router\\index.js:281:22\n    at param (C:\\Users\\Kouede Loic\\OneDrive\\Documents\\React Projects\\vidly-app-back-end-master\\node_modules\\express\\lib\\router\\index.js:360:14)\n    at param (C:\\Users\\Kouede Loic\\OneDrive\\Documents\\React Projects\\vidly-app-back-end-master\\node_modules\\express\\lib\\router\\index.js:371:14)\n    at Function.process_params (C:\\Users\\Kouede Loic\\OneDrive\\Documents\\React Projects\\vidly-app-back-end-master\\node_modules\\express\\lib\\router\\index.js:416:3)\n    at next (C:\\Users\\Kouede Loic\\OneDrive\\Documents\\React Projects\\vidly-app-back-end-master\\node_modules\\express\\lib\\router\\index.js:275:10)"}
{"level":"info","message":"Listening on port 3002..."}
{"level":"info","message":"Connected to mongodb://localhost:27017/vidly2..."}
{"level":"error","message":"config is not defined config is not defined","stack":"ReferenceError: config is not defined\n    at module.exports (C:\\Users\\Kouede Loic\\OneDrive\\Documents\\React Projects\\vidly-app-back-end-master\\middleware\\admin.js:2:3)\n    at newFn (C:\\Users\\Kouede Loic\\OneDrive\\Documents\\React Projects\\vidly-app-back-end-master\\node_modules\\express-async-errors\\index.js:16:20)\n    at Layer.handle [as handle_request] (C:\\Users\\Kouede Loic\\OneDrive\\Documents\\React Projects\\vidly-app-back-end-master\\node_modules\\express\\lib\\router\\layer.js:95:5)\n    at next (C:\\Users\\Kouede Loic\\OneDrive\\Documents\\React Projects\\vidly-app-back-end-master\\node_modules\\express\\lib\\router\\route.js:137:13)\n    at auth (C:\\Users\\Kouede Loic\\OneDrive\\Documents\\React Projects\\vidly-app-back-end-master\\middleware\\auth.js:15:5)\n    at newFn (C:\\Users\\Kouede Loic\\OneDrive\\Documents\\React Projects\\vidly-app-back-end-master\\node_modules\\express-async-errors\\index.js:16:20)\n    at Layer.handle [as handle_request] (C:\\Users\\Kouede Loic\\OneDrive\\Documents\\React Projects\\vidly-app-back-end-master\\node_modules\\express\\lib\\router\\layer.js:95:5)\n    at next (C:\\Users\\Kouede Loic\\OneDrive\\Documents\\React Projects\\vidly-app-back-end-master\\node_modules\\express\\lib\\router\\route.js:137:13)\n    at Route.dispatch (C:\\Users\\Kouede Loic\\OneDrive\\Documents\\React Projects\\vidly-app-back-end-master\\node_modules\\express\\lib\\router\\route.js:112:3)\n    at newFn (C:\\Users\\Kouede Loic\\OneDrive\\Documents\\React Projects\\vidly-app-back-end-master\\node_modules\\express-async-errors\\index.js:16:20)\n    at Layer.handle [as handle_request] (C:\\Users\\Kouede Loic\\OneDrive\\Documents\\React Projects\\vidly-app-back-end-master\\node_modules\\express\\lib\\router\\layer.js:95:5)\n    at C:\\Users\\Kouede Loic\\OneDrive\\Documents\\React Projects\\vidly-app-back-end-master\\node_modules\\express\\lib\\router\\index.js:281:22\n    at param (C:\\Users\\Kouede Loic\\OneDrive\\Documents\\React Projects\\vidly-app-back-end-master\\node_modules\\express\\lib\\router\\index.js:360:14)\n    at param (C:\\Users\\Kouede Loic\\OneDrive\\Documents\\React Projects\\vidly-app-back-end-master\\node_modules\\express\\lib\\router\\index.js:371:14)\n    at Function.process_params (C:\\Users\\Kouede Loic\\OneDrive\\Documents\\React Projects\\vidly-app-back-end-master\\node_modules\\express\\lib\\router\\index.js:416:3)\n    at next (C:\\Users\\Kouede Loic\\OneDrive\\Documents\\React Projects\\vidly-app-back-end-master\\node_modules\\express\\lib\\router\\index.js:275:10)"}
{"level":"error","message":"config is not defined config is not defined","stack":"ReferenceError: config is not defined\n    at module.exports (C:\\Users\\Kouede Loic\\OneDrive\\Documents\\React Projects\\vidly-app-back-end-master\\middleware\\admin.js:2:3)\n    at newFn (C:\\Users\\Kouede Loic\\OneDrive\\Documents\\React Projects\\vidly-app-back-end-master\\node_modules\\express-async-errors\\index.js:16:20)\n    at Layer.handle [as handle_request] (C:\\Users\\Kouede Loic\\OneDrive\\Documents\\React Projects\\vidly-app-back-end-master\\node_modules\\express\\lib\\router\\layer.js:95:5)\n    at next (C:\\Users\\Kouede Loic\\OneDrive\\Documents\\React Projects\\vidly-app-back-end-master\\node_modules\\express\\lib\\router\\route.js:137:13)\n    at auth (C:\\Users\\Kouede Loic\\OneDrive\\Documents\\React Projects\\vidly-app-back-end-master\\middleware\\auth.js:15:5)\n    at newFn (C:\\Users\\Kouede Loic\\OneDrive\\Documents\\React Projects\\vidly-app-back-end-master\\node_modules\\express-async-errors\\index.js:16:20)\n    at Layer.handle [as handle_request] (C:\\Users\\Kouede Loic\\OneDrive\\Documents\\React Projects\\vidly-app-back-end-master\\node_modules\\express\\lib\\router\\layer.js:95:5)\n    at next (C:\\Users\\Kouede Loic\\OneDrive\\Documents\\React Projects\\vidly-app-back-end-master\\node_modules\\express\\lib\\router\\route.js:137:13)\n    at Route.dispatch (C:\\Users\\Kouede Loic\\OneDrive\\Documents\\React Projects\\vidly-app-back-end-master\\node_modules\\express\\lib\\router\\route.js:112:3)\n    at newFn (C:\\Users\\Kouede Loic\\OneDrive\\Documents\\React Projects\\vidly-app-back-end-master\\node_modules\\express-async-errors\\index.js:16:20)\n    at Layer.handle [as handle_request] (C:\\Users\\Kouede Loic\\OneDrive\\Documents\\React Projects\\vidly-app-back-end-master\\node_modules\\express\\lib\\router\\layer.js:95:5)\n    at C:\\Users\\Kouede Loic\\OneDrive\\Documents\\React Projects\\vidly-app-back-end-master\\node_modules\\express\\lib\\router\\index.js:281:22\n    at param (C:\\Users\\Kouede Loic\\OneDrive\\Documents\\React Projects\\vidly-app-back-end-master\\node_modules\\express\\lib\\router\\index.js:360:14)\n    at param (C:\\Users\\Kouede Loic\\OneDrive\\Documents\\React Projects\\vidly-app-back-end-master\\node_modules\\express\\lib\\router\\index.js:371:14)\n    at Function.process_params (C:\\Users\\Kouede Loic\\OneDrive\\Documents\\React Projects\\vidly-app-back-end-master\\node_modules\\express\\lib\\router\\index.js:416:3)\n    at next (C:\\Users\\Kouede Loic\\OneDrive\\Documents\\React Projects\\vidly-app-back-end-master\\node_modules\\express\\lib\\router\\index.js:275:10)"}
{"level":"info","message":"Connected to mongodb://localhost:27017/vidly2..."}
{"level":"info","message":"Listening on port 3002..."}
{"level":"info","message":"Connected to mongodb://localhost:27017/vidly2..."}
{"level":"info","message":"Listening on port 3002..."}
{"level":"info","message":"Connected to mongodb://localhost:27017/vidly2..."}
{"level":"info","message":"Listening on port 3002..."}
{"level":"info","message":"Connected to mongodb://localhost:27017/vidly2..."}
{"level":"error","message":"configg is not defined configg is not defined","stack":"ReferenceError: configg is not defined\n    at module.exports (C:\\Users\\Kouede Loic\\OneDrive\\Documents\\React Projects\\vidly-app-back-end-master\\middleware\\admin.js:4:3)\n    at newFn (C:\\Users\\Kouede Loic\\OneDrive\\Documents\\React Projects\\vidly-app-back-end-master\\node_modules\\express-async-errors\\index.js:16:20)\n    at Layer.handle [as handle_request] (C:\\Users\\Kouede Loic\\OneDrive\\Documents\\React Projects\\vidly-app-back-end-master\\node_modules\\express\\lib\\router\\layer.js:95:5)\n    at next (C:\\Users\\Kouede Loic\\OneDrive\\Documents\\React Projects\\vidly-app-back-end-master\\node_modules\\express\\lib\\router\\route.js:137:13)\n    at auth (C:\\Users\\Kouede Loic\\OneDrive\\Documents\\React Projects\\vidly-app-back-end-master\\middleware\\auth.js:15:5)\n    at newFn (C:\\Users\\Kouede Loic\\OneDrive\\Documents\\React Projects\\vidly-app-back-end-master\\node_modules\\express-async-errors\\index.js:16:20)\n    at Layer.handle [as handle_request] (C:\\Users\\Kouede Loic\\OneDrive\\Documents\\React Projects\\vidly-app-back-end-master\\node_modules\\express\\lib\\router\\layer.js:95:5)\n    at next (C:\\Users\\Kouede Loic\\OneDrive\\Documents\\React Projects\\vidly-app-back-end-master\\node_modules\\express\\lib\\router\\route.js:137:13)\n    at Route.dispatch (C:\\Users\\Kouede Loic\\OneDrive\\Documents\\React Projects\\vidly-app-back-end-master\\node_modules\\express\\lib\\router\\route.js:112:3)\n    at newFn (C:\\Users\\Kouede Loic\\OneDrive\\Documents\\React Projects\\vidly-app-back-end-master\\node_modules\\express-async-errors\\index.js:16:20)\n    at Layer.handle [as handle_request] (C:\\Users\\Kouede Loic\\OneDrive\\Documents\\React Projects\\vidly-app-back-end-master\\node_modules\\express\\lib\\router\\layer.js:95:5)\n    at C:\\Users\\Kouede Loic\\OneDrive\\Documents\\React Projects\\vidly-app-back-end-master\\node_modules\\express\\lib\\router\\index.js:281:22\n    at param (C:\\Users\\Kouede Loic\\OneDrive\\Documents\\React Projects\\vidly-app-back-end-master\\node_modules\\express\\lib\\router\\index.js:360:14)\n    at param (C:\\Users\\Kouede Loic\\OneDrive\\Documents\\React Projects\\vidly-app-back-end-master\\node_modules\\express\\lib\\router\\index.js:371:14)\n    at Function.process_params (C:\\Users\\Kouede Loic\\OneDrive\\Documents\\React Projects\\vidly-app-back-end-master\\node_modules\\express\\lib\\router\\index.js:416:3)\n    at next (C:\\Users\\Kouede Loic\\OneDrive\\Documents\\React Projects\\vidly-app-back-end-master\\node_modules\\express\\lib\\router\\index.js:275:10)"}
{"level":"error","message":"configg is not defined configg is not defined","stack":"ReferenceError: configg is not defined\n    at module.exports (C:\\Users\\Kouede Loic\\OneDrive\\Documents\\React Projects\\vidly-app-back-end-master\\middleware\\admin.js:4:3)\n    at newFn (C:\\Users\\Kouede Loic\\OneDrive\\Documents\\React Projects\\vidly-app-back-end-master\\node_modules\\express-async-errors\\index.js:16:20)\n    at Layer.handle [as handle_request] (C:\\Users\\Kouede Loic\\OneDrive\\Documents\\React Projects\\vidly-app-back-end-master\\node_modules\\express\\lib\\router\\layer.js:95:5)\n    at next (C:\\Users\\Kouede Loic\\OneDrive\\Documents\\React Projects\\vidly-app-back-end-master\\node_modules\\express\\lib\\router\\route.js:137:13)\n    at auth (C:\\Users\\Kouede Loic\\OneDrive\\Documents\\React Projects\\vidly-app-back-end-master\\middleware\\auth.js:15:5)\n    at newFn (C:\\Users\\Kouede Loic\\OneDrive\\Documents\\React Projects\\vidly-app-back-end-master\\node_modules\\express-async-errors\\index.js:16:20)\n    at Layer.handle [as handle_request] (C:\\Users\\Kouede Loic\\OneDrive\\Documents\\React Projects\\vidly-app-back-end-master\\node_modules\\express\\lib\\router\\layer.js:95:5)\n    at next (C:\\Users\\Kouede Loic\\OneDrive\\Documents\\React Projects\\vidly-app-back-end-master\\node_modules\\express\\lib\\router\\route.js:137:13)\n    at Route.dispatch (C:\\Users\\Kouede Loic\\OneDrive\\Documents\\React Projects\\vidly-app-back-end-master\\node_modules\\express\\lib\\router\\route.js:112:3)\n    at newFn (C:\\Users\\Kouede Loic\\OneDrive\\Documents\\React Projects\\vidly-app-back-end-master\\node_modules\\express-async-errors\\index.js:16:20)\n    at Layer.handle [as handle_request] (C:\\Users\\Kouede Loic\\OneDrive\\Documents\\React Projects\\vidly-app-back-end-master\\node_modules\\express\\lib\\router\\layer.js:95:5)\n    at C:\\Users\\Kouede Loic\\OneDrive\\Documents\\React Projects\\vidly-app-back-end-master\\node_modules\\express\\lib\\router\\index.js:281:22\n    at param (C:\\Users\\Kouede Loic\\OneDrive\\Documents\\React Projects\\vidly-app-back-end-master\\node_modules\\express\\lib\\router\\index.js:360:14)\n    at param (C:\\Users\\Kouede Loic\\OneDrive\\Documents\\React Projects\\vidly-app-back-end-master\\node_modules\\express\\lib\\router\\index.js:371:14)\n    at Function.process_params (C:\\Users\\Kouede Loic\\OneDrive\\Documents\\React Projects\\vidly-app-back-end-master\\node_modules\\express\\lib\\router\\index.js:416:3)\n    at next (C:\\Users\\Kouede Loic\\OneDrive\\Documents\\React Projects\\vidly-app-back-end-master\\node_modules\\express\\lib\\router\\index.js:275:10)"}
{"level":"info","message":"Listening on port 3002..."}
{"level":"info","message":"Connected to mongodb://localhost:27017/vidly2..."}
{"level":"info","message":"Listening on port 3002..."}
{"level":"info","message":"Connected to mongodb://localhost:27017/vidly2..."}
{"level":"error","message":"config.get is not a function config.get is not a function","stack":"TypeError: config.get is not a function\n    at module.exports (C:\\Users\\Kouede Loic\\OneDrive\\Documents\\React Projects\\vidly-app-back-end-master\\middleware\\admin.js:4:15)\n    at newFn (C:\\Users\\Kouede Loic\\OneDrive\\Documents\\React Projects\\vidly-app-back-end-master\\node_modules\\express-async-errors\\index.js:16:20)\n    at Layer.handle [as handle_request] (C:\\Users\\Kouede Loic\\OneDrive\\Documents\\React Projects\\vidly-app-back-end-master\\node_modules\\express\\lib\\router\\layer.js:95:5)\n    at next (C:\\Users\\Kouede Loic\\OneDrive\\Documents\\React Projects\\vidly-app-back-end-master\\node_modules\\express\\lib\\router\\route.js:137:13)\n    at auth (C:\\Users\\Kouede Loic\\OneDrive\\Documents\\React Projects\\vidly-app-back-end-master\\middleware\\auth.js:15:5)\n    at newFn (C:\\Users\\Kouede Loic\\OneDrive\\Documents\\React Projects\\vidly-app-back-end-master\\node_modules\\express-async-errors\\index.js:16:20)\n    at Layer.handle [as handle_request] (C:\\Users\\Kouede Loic\\OneDrive\\Documents\\React Projects\\vidly-app-back-end-master\\node_modules\\express\\lib\\router\\layer.js:95:5)\n    at next (C:\\Users\\Kouede Loic\\OneDrive\\Documents\\React Projects\\vidly-app-back-end-master\\node_modules\\express\\lib\\router\\route.js:137:13)\n    at Route.dispatch (C:\\Users\\Kouede Loic\\OneDrive\\Documents\\React Projects\\vidly-app-back-end-master\\node_modules\\express\\lib\\router\\route.js:112:3)\n    at newFn (C:\\Users\\Kouede Loic\\OneDrive\\Documents\\React Projects\\vidly-app-back-end-master\\node_modules\\express-async-errors\\index.js:16:20)\n    at Layer.handle [as handle_request] (C:\\Users\\Kouede Loic\\OneDrive\\Documents\\React Projects\\vidly-app-back-end-master\\node_modules\\express\\lib\\router\\layer.js:95:5)\n    at C:\\Users\\Kouede Loic\\OneDrive\\Documents\\React Projects\\vidly-app-back-end-master\\node_modules\\express\\lib\\router\\index.js:281:22\n    at param (C:\\Users\\Kouede Loic\\OneDrive\\Documents\\React Projects\\vidly-app-back-end-master\\node_modules\\express\\lib\\router\\index.js:360:14)\n    at param (C:\\Users\\Kouede Loic\\OneDrive\\Documents\\React Projects\\vidly-app-back-end-master\\node_modules\\express\\lib\\router\\index.js:371:14)\n    at Function.process_params (C:\\Users\\Kouede Loic\\OneDrive\\Documents\\React Projects\\vidly-app-back-end-master\\node_modules\\express\\lib\\router\\index.js:416:3)\n    at next (C:\\Users\\Kouede Loic\\OneDrive\\Documents\\React Projects\\vidly-app-back-end-master\\node_modules\\express\\lib\\router\\index.js:275:10)"}
{"level":"info","message":"Listening on port 3002..."}
{"level":"info","message":"Connected to mongodb://localhost:27017/vidly2..."}
{"level":"info","message":"Listening on port 3002..."}
{"level":"info","message":"Connected to mongodb://localhost:27017/vidly2..."}
{"level":"info","message":"Listening on port 3002..."}
{"level":"info","message":"Connected to mongodb://localhost:27017/vidly2..."}
{"level":"info","message":"Listening on port 3002..."}
{"level":"info","message":"Connected to mongodb://localhost:27017/vidly2..."}
